#-----------------------------------------------------------
# Vivado v2018.3 (64-bit)
# SW Build 2405991 on Thu Dec  6 23:38:27 MST 2018
# IP Build 2404404 on Fri Dec  7 01:43:56 MST 2018
# Start of session at: Sun Oct  6 13:32:56 2019
# Process ID: 8828
# Current directory: B:/COLLEGE/19_20/Fall_19/CompE_475/ASS_4/MultiCycle
# Command line: vivado.exe -gui_launcher_event rodinguilauncherevent8668 B:\COLLEGE\19_20\Fall_19\CompE_475\ASS_4\MultiCycle\MultiCycle.xpr
# Log file: B:/COLLEGE/19_20/Fall_19/CompE_475/ASS_4/MultiCycle/vivado.log
# Journal file: B:/COLLEGE/19_20/Fall_19/CompE_475/ASS_4/MultiCycle\vivado.jou
#-----------------------------------------------------------
start_gui
open_project B:/COLLEGE/19_20/Fall_19/CompE_475/ASS_4/MultiCycle/MultiCycle.xpr
Scanning sources...
Finished scanning sources
INFO: [IP_Flow 19-234] Refreshing IP repositories
INFO: [IP_Flow 19-1704] No user IP repositories specified
INFO: [IP_Flow 19-2313] Loaded Vivado IP repository 'C:/Xilinx.1/Vivado/2018.3/data/ip'.
open_project: Time (s): cpu = 00:00:16 ; elapsed = 00:00:21 . Memory (MB): peak = 637.672 ; gain = 80.875
update_compile_order -fileset sources_1
file mkdir B:/COLLEGE/19_20/Fall_19/CompE_475/ASS_4/MultiCycle/MultiCycle.srcs/sim_1/new
set_property SOURCE_SET sources_1 [get_filesets sim_1]
close [ open B:/COLLEGE/19_20/Fall_19/CompE_475/ASS_4/MultiCycle/MultiCycle.srcs/sim_1/new/testbench.v w ]
add_files -fileset sim_1 B:/COLLEGE/19_20/Fall_19/CompE_475/ASS_4/MultiCycle/MultiCycle.srcs/sim_1/new/testbench.v
update_compile_order -fileset sim_1
set_property top testbench [get_filesets sim_1]
set_property top_lib xil_defaultlib [get_filesets sim_1]
update_compile_order -fileset sim_1
close [ open B:/COLLEGE/19_20/Fall_19/CompE_475/ASS_4/MultiCycle/MultiCycle.srcs/sources_1/new/inst_parta.mem w ]
add_files B:/COLLEGE/19_20/Fall_19/CompE_475/ASS_4/MultiCycle/MultiCycle.srcs/sources_1/new/inst_parta.mem
close [ open B:/COLLEGE/19_20/Fall_19/CompE_475/ASS_4/MultiCycle/MultiCycle.srcs/sources_1/new/inst_mem3.mem w ]
add_files B:/COLLEGE/19_20/Fall_19/CompE_475/ASS_4/MultiCycle/MultiCycle.srcs/sources_1/new/inst_mem3.mem
close [ open B:/COLLEGE/19_20/Fall_19/CompE_475/ASS_4/MultiCycle/MultiCycle.srcs/sources_1/new/inst_partb.mem w ]
add_files B:/COLLEGE/19_20/Fall_19/CompE_475/ASS_4/MultiCycle/MultiCycle.srcs/sources_1/new/inst_partb.mem
close [ open B:/COLLEGE/19_20/Fall_19/CompE_475/ASS_4/MultiCycle/MultiCycle.srcs/sources_1/new/inst_partd.mem w ]
add_files B:/COLLEGE/19_20/Fall_19/CompE_475/ASS_4/MultiCycle/MultiCycle.srcs/sources_1/new/inst_partd.mem
close [ open B:/COLLEGE/19_20/Fall_19/CompE_475/ASS_4/MultiCycle/MultiCycle.srcs/sources_1/new/inst_partc.mem w ]
add_files B:/COLLEGE/19_20/Fall_19/CompE_475/ASS_4/MultiCycle/MultiCycle.srcs/sources_1/new/inst_partc.mem
export_ip_user_files -of_objects  [get_files B:/COLLEGE/19_20/Fall_19/CompE_475/ASS_4/MultiCycle/MultiCycle.srcs/sources_1/new/inst_mem3.mem] -no_script -reset -force -quiet
remove_files  B:/COLLEGE/19_20/Fall_19/CompE_475/ASS_4/MultiCycle/MultiCycle.srcs/sources_1/new/inst_mem3.mem
add_files -norecurse B:/COLLEGE/19_20/Fall_19/CompE_475/ASS_4/MultiCycle/MultiCycle.srcs/sources_1/new/inst_parte.mem
exit
INFO: [Common 17-206] Exiting Vivado at Sun Oct  6 14:29:16 2019...
